🤖 커뮤니티 봇 시작...
API URL: http://localhost:3000
5분마다 게시글과 댓글을 자동 생성합니다.
중지하려면 Ctrl+C를 누르세요.

[2025-11-23 22:26:17] 봇 실행 중...
✅ 성공: {"ok":true,"message":"게시글과 댓글이 생성되었습니다.","post":{"id":13,"title":"드디어 크루즈 예약했어요! (감격 ㅠㅠ) 근데 진짜 궁금한 거 몇 가지 도와주세요!","category":"qna"},"commentCreated":true,"existingPostComments":3,"replies":1,"positiveResponses":0,"executionTime":"47369ms"}
다음 실행까지 5분 대기...
[2025-11-23 22:32:34] 봇 실행 중...
❌ 실패: 
다음 실행까지 5분 대기...
[2025-11-23 22:38:03] 봇 실행 중...
✅ 성공: {"ok":true,"message":"게시글과 댓글이 생성되었습니다.","post":{"id":14,"title":"오키나와 크루즈 후기 대박! 다음 기항지 자유여행 꿀팁 좀 주세요 ㅠㅠ","category":"destination"},"commentCreated":true,"existingPostComments":3,"replies":1,"positiveResponses":0,"executionTime":"38345ms"}
다음 실행까지 5분 대기...
[2025-11-23 22:44:12] 봇 실행 중...
✅ 성공: {"ok":true,"message":"게시글과 댓글이 생성되었습니다.","post":{"id":15,"title":"5박 7일 크루즈 후기! 다시 가고 싶은데 팁 좀 주세요 ㅠㅠ","category":"qna"},"commentCreated":true,"existingPostComments":3,"replies":3,"positiveResponses":0,"executionTime":"52185ms"}
다음 실행까지 5분 대기...
[2025-11-23 22:50:37] 봇 실행 중...
❌ 실패: 
다음 실행까지 5분 대기...
[2025-11-23 22:56:53] 봇 실행 중...
✅ 성공: {"ok":true,"message":"게시글과 댓글이 생성되었습니다.","post":{"id":17,"title":"인생 첫 크루즈, 궁금했던 거 다 알려드려요!!","category":"travel-tip"},"commentCreated":true,"existingPostComments":3,"replies":2,"positiveResponses":0,"executionTime":"50486ms"}
다음 실행까지 5분 대기...
[2025-11-23 23:03:13] 봇 실행 중...
✅ 성공: {"ok":true,"message":"게시글과 댓글이 생성되었습니다.","post":{"id":18,"title":"3대가 함께한 크루즈, 이거 진짜 '효도여행' 맞나요? ㅠㅠ 감동 후기 & 꿀팁 대방출! (내돈내산 솔직 후기)","category":"travel-tip"},"commentCreated":true,"existingPostComments":3,"replies":1,"positiveResponses":0,"executionTime":"44756ms"}
다음 실행까지 5분 대기...
[2025-11-23 23:09:28] 봇 실행 중...
✅ 성공: {"ok":true,"message":"게시글과 댓글이 생성되었습니다.","post":{"id":19,"title":"크루즈 드레스 코드 고민 해결 & 와이파이 꿀팁 좀!","category":"travel-tip"},"commentCreated":true,"existingPostComments":3,"replies":2,"positiveResponses":0,"executionTime":"50741ms"}
다음 실행까지 5분 대기...
[2025-11-23 23:15:49] 봇 실행 중...
❌ 실패: 
다음 실행까지 5분 대기...
[2025-11-23 23:21:22] 봇 실행 중...
❌ 실패: 
다음 실행까지 5분 대기...
[2025-11-23 23:26:31] 봇 실행 중...
❌ 실패: 
다음 실행까지 5분 대기...
[2025-11-23 23:31:40] 봇 실행 중...
❌ 실패: 
다음 실행까지 5분 대기...
[2025-11-23 23:36:49] 봇 실행 중...
❌ 실패: 
다음 실행까지 5분 대기...
[2025-11-23 23:41:57] 봇 실행 중...
❌ 실패: 
다음 실행까지 5분 대기...
[2025-11-23 23:46:57] 봇 실행 중...
❌ 실패: 
다음 실행까지 5분 대기...
[2025-11-23 23:51:57] 봇 실행 중...
❌ 실패: 
다음 실행까지 5분 대기...
[2025-11-23 23:56:57] 봇 실행 중...
❌ 실패: 
다음 실행까지 5분 대기...
[2025-11-24 00:01:57] 봇 실행 중...
❌ 실패: 
다음 실행까지 5분 대기...
[2025-11-24 00:06:57] 봇 실행 중...
❌ 실패: 
다음 실행까지 5분 대기...
[2025-11-24 00:11:57] 봇 실행 중...
✅ 성공: {"ok":true,"message":"게시글과 댓글이 생성되었습니다.","post":{"id":22,"title":"첫 크루즈 후기! 다음 여행지 기항지 꿀팁 질문 드려요^^","category":"qna"},"commentCreated":true,"existingPostComments":3,"replies":1,"positiveResponses":0,"executionTime":"37740ms"}
다음 실행까지 5분 대기...
[2025-11-24 00:17:35] 봇 실행 중...
❌ 실패: 
다음 실행까지 5분 대기...
[2025-11-24 00:22:35] 봇 실행 중...
❌ 실패: 
다음 실행까지 5분 대기...
[2025-11-24 00:27:35] 봇 실행 중...
❌ 실패: 
다음 실행까지 5분 대기...
[2025-11-24 00:32:35] 봇 실행 중...
❌ 실패: 
다음 실행까지 5분 대기...
[2025-11-24 00:37:35] 봇 실행 중...
✅ 성공: {"ok":true,"message":"게시글과 댓글이 생성되었습니다.","post":{"id":24,"title":"** 크루즈 포멀 나이트 드레스 코드, 턱시도 필수인가요? ㅠㅠ","category":"travel-tip"},"commentCreated":true,"existingPostComments":3,"replies":1,"positiveResponses":0,"executionTime":"41004ms"}
다음 실행까지 5분 대기...
[2025-11-24 00:43:17] 봇 실행 중...
✅ 성공: {"ok":true,"message":"게시글과 댓글이 생성되었습니다.","post":{"id":25,"title":"크루즈 발코니 vs 내측 캐빈, 다음엔 뭘 해야 할까요? ㅠㅠ (여행팁 부탁드려요!)","category":"travel-tip"},"commentCreated":true,"existingPostComments":3,"replies":2,"positiveResponses":0,"executionTime":"43644ms"}
다음 실행까지 5분 대기...
[2025-11-24 00:49:01] 봇 실행 중...
❌ 실패: 
다음 실행까지 5분 대기...
[2025-11-24 00:54:01] 봇 실행 중...
❌ 실패: 
다음 실행까지 5분 대기...
[2025-11-24 00:59:01] 봇 실행 중...
✅ 성공: {"ok":true,"message":"게시글과 댓글이 생성되었습니다.","post":{"id":26,"title":"인생 첫 크루즈! 다음엔 무조건 '이것' 챙겨가세요ㅠㅠ","category":"travel-tip"},"commentCreated":true,"existingPostComments":3,"replies":0,"positiveResponses":0,"executionTime":"36843ms"}
다음 실행까지 5분 대기...
[2025-11-24 01:04:38] 봇 실행 중...
✅ 성공: {"ok":true,"message":"게시글과 댓글이 생성되었습니다.","post":{"id":27,"title":"첫 크루즈 준비물! 팁 문화랑 정장 고민 ㅠㅠ (19자)","category":"qna"},"commentCreated":true,"existingPostComments":3,"replies":2,"positiveResponses":0,"executionTime":"44132ms"}
다음 실행까지 5분 대기...
[2025-11-24 01:10:22] 봇 실행 중...
✅ 성공: {"ok":true,"message":"게시글과 댓글이 생성되었습니다.","post":{"id":28,"title":"🚢 첫 크루즈 다녀온 후기! 발코니 vs 내측 캐빈, 다음 여행 도움 부탁드려요!","category":"travel-tip"},"commentCreated":true,"existingPostComments":3,"replies":2,"positiveResponses":0,"executionTime":"45178ms"}
다음 실행까지 5분 대기...
[2025-11-24 01:16:08] 봇 실행 중...
✅ 성공: {"ok":true,"message":"게시글과 댓글이 생성되었습니다.","post":{"id":29,"title":"크루즈 여행 너무 좋았어요! ㅠㅠ 다음 포멀 나이트 복장 팁 좀 주세요!","category":"qna"},"commentCreated":true,"existingPostComments":3,"replies":3,"positiveResponses":0,"executionTime":"49539ms"}
다음 실행까지 5분 대기...
[2025-11-24 01:21:59] 봇 실행 중...
✅ 성공: {"ok":true,"message":"게시글과 댓글이 생성되었습니다.","post":{"id":30,"title":"기항지 자유여행 성공! 로마 시내 버스 꿀팁 궁금해요? ^^ (26자)","category":"destination"},"commentCreated":true,"existingPostComments":3,"replies":1,"positiveResponses":0,"executionTime":"42067ms"}
다음 실행까지 5분 대기...
[2025-11-24 01:27:45] 봇 실행 중...
✅ 성공: {"ok":true,"message":"게시글과 댓글이 생성되었습니다.","post":{"id":31,"title":"크루즈 첫 여행 후기! 다음엔 알래스카 꼭 가보고 싶은데 팁 좀 주세요 ㅠㅠ","category":"qna"},"commentCreated":true,"existingPostComments":3,"replies":1,"positiveResponses":0,"executionTime":"43756ms"}
다음 실행까지 5분 대기...
[2025-11-24 01:33:35] 봇 실행 중...
✅ 성공: {"ok":true,"message":"게시글과 댓글이 생성되었습니다.","post":{"id":32,"title":"다음 크루즈 발코니 객실, 정말 필수일까요? 궁금해요! (28자)","category":"qna"},"commentCreated":true,"existingPostComments":3,"replies":3,"positiveResponses":0,"executionTime":"51898ms"}
다음 실행까지 5분 대기...
[2025-11-24 01:39:32] 봇 실행 중...
✅ 성공: {"ok":true,"message":"게시글과 댓글이 생성되었습니다.","post":{"id":33,"title":"후쿠오카 크루즈 내리면 무조건 여기 가세요! 대박 ^^ (26자)","category":"destination"},"commentCreated":true,"existingPostComments":3,"replies":2,"positiveResponses":0,"executionTime":"46898ms"}
다음 실행까지 5분 대기...
[2025-11-24 01:45:25] 봇 실행 중...
✅ 성공: {"ok":true,"message":"게시글과 댓글이 생성되었습니다.","post":{"id":34,"title":"서부 지중해 크루즈! 기항지 필수 코스 좀 알려주세요 ㅠㅠ","category":"destination"},"commentCreated":true,"existingPostComments":3,"replies":3,"positiveResponses":0,"executionTime":"54635ms"}
다음 실행까지 5분 대기...
[2025-11-24 01:51:26] 봇 실행 중...
✅ 성공: {"ok":true,"message":"게시글과 댓글이 생성되었습니다.","post":{"id":35,"title":"크루즈 첫 탑승! 꿀팁 공유하고 궁금한 거 진짜 많아요! ^^","category":"travel-tip"},"commentCreated":true,"existingPostComments":3,"replies":1,"positiveResponses":0,"executionTime":"39167ms"}
다음 실행까지 5분 대기...
[2025-11-24 01:57:14] 봇 실행 중...
✅ 성공: {"ok":true,"message":"게시글과 댓글이 생성되었습니다.","post":{"id":36,"title":"크루즈 발코니 vs 내측 고민 해결! 꿀팁 공유하고 질문드려요! ㅠㅠ 너무 좋았어요! (33자)","category":"qna"},"commentCreated":true,"existingPostComments":3,"replies":1,"positiveResponses":0,"executionTime":"42856ms"}
다음 실행까지 5분 대기...
[2025-11-24 02:03:03] 봇 실행 중...
✅ 성공: {"ok":true,"message":"게시글과 댓글이 생성되었습니다.","post":{"id":37,"title":"이번에 지중해 크루즈 다녀왔는데 팁 공유 좀 해주세요! ^^**","category":"qna"},"commentCreated":true,"existingPostComments":3,"replies":2,"positiveResponses":0,"executionTime":"42595ms"}
다음 실행까지 5분 대기...
[2025-11-24 02:08:53] 봇 실행 중...
✅ 성공: {"ok":true,"message":"게시글과 댓글이 생성되었습니다.","post":{"id":38,"title":"크루즈 기항지 투어, 이거 진짜 꿀팁이에요! ㅠㅠㅠ (24자)","category":"travel-tip"},"commentCreated":true,"existingPostComments":3,"replies":1,"positiveResponses":0,"executionTime":"40708ms"}
다음 실행까지 5분 대기...
[2025-11-24 02:14:40] 봇 실행 중...
✅ 성공: {"ok":true,"message":"게시글과 댓글이 생성되었습니다.","post":{"id":39,"title":"지중해 크루즈 후기! 다음 기항지 투어 꿀팁 정말 궁금해요 ㅠㅠ (28자)","category":"destination"},"commentCreated":true,"existingPostComments":3,"replies":2,"positiveResponses":0,"executionTime":"48606ms"}
다음 실행까지 5분 대기...
[2025-11-24 02:20:35] 봇 실행 중...
✅ 성공: {"ok":true,"message":"게시글과 댓글이 생성되었습니다.","post":{"id":40,"title":"이거 때문에 크루즈 또 갈 거예요ㅠㅠ 기항지 투어 꿀팁 공유합니다!! (28자)","category":"destination"},"commentCreated":true,"existingPostComments":3,"replies":0,"positiveResponses":0,"executionTime":"34007ms"}
다음 실행까지 5분 대기...
[2025-11-24 02:26:17] 봇 실행 중...
✅ 성공: {"ok":true,"message":"게시글과 댓글이 생성되었습니다.","post":{"id":41,"title":"나폴리 기항지 투어, 폼페이 vs 카프리! 결정장애 왔어요 ㅠㅠ","category":"destination"},"commentCreated":true,"existingPostComments":3,"replies":2,"positiveResponses":0,"executionTime":"45146ms"}
다음 실행까지 5분 대기...
[2025-11-24 02:32:11] 봇 실행 중...
✅ 성공: {"ok":true,"message":"게시글과 댓글이 생성되었습니다.","post":{"id":42,"title":"엄마랑 갔던 크루즈 여행, 인생 최고의 경험이었어요! ㅠㅠㅠ","category":"travel-tip"},"commentCreated":true,"existingPostComments":3,"replies":1,"positiveResponses":0,"executionTime":"37237ms"}
다음 실행까지 5분 대기...
[2025-11-24 02:37:56] 봇 실행 중...
✅ 성공: {"ok":true,"message":"게시글과 댓글이 생성되었습니다.","post":{"id":43,"title":"다음 크루즈 예약 전에 이것만은 꼭! 궁금증 폭발 질문드려요 ㅠㅠ**","category":"qna"},"commentCreated":true,"existingPostComments":3,"replies":3,"positiveResponses":0,"executionTime":"56689ms"}
다음 실행까지 5분 대기...
[2025-11-24 02:44:01] 봇 실행 중...
✅ 성공: {"ok":true,"message":"게시글과 댓글이 생성되었습니다.","post":{"id":44,"title":"[일본-대만] 크루즈 정찬 후기! 팁 얼마 줘야 하나요? ㅎㅎ","category":"destination"},"commentCreated":true,"existingPostComments":3,"replies":3,"positiveResponses":0,"executionTime":"53906ms"}
다음 실행까지 5분 대기...
[2025-11-24 02:50:04] 봇 실행 중...
✅ 성공: {"ok":true,"message":"게시글과 댓글이 생성되었습니다.","post":{"id":45,"title":"첫 크루즈 여행, 이거 정말 궁금한데 경험자분들 도와주세요!**","category":"qna"},"commentCreated":true,"existingPostComments":3,"replies":1,"positiveResponses":0,"executionTime":"42888ms"}
다음 실행까지 5분 대기...
[2025-11-24 02:55:57] 봇 실행 중...
✅ 성공: {"ok":true,"message":"게시글과 댓글이 생성되었습니다.","post":{"id":46,"title":"지중해 크루즈 산토리니, 진짜 이래도 되나요? 너무 좋았어요! ㅠㅠㅠ (29자)","category":"destination"},"commentCreated":true,"existingPostComments":3,"replies":0,"positiveResponses":0,"executionTime":"38637ms"}
다음 실행까지 5분 대기...
[2025-11-24 03:01:45] 봇 실행 중...
✅ 성공: {"ok":true,"message":"게시글과 댓글이 생성되었습니다.","post":{"id":47,"title":"크루즈 첫 여행 꿀팁 공유! 드레스 코드 정말 궁금해요!","category":"travel-tip"},"commentCreated":true,"existingPostComments":3,"replies":1,"positiveResponses":0,"executionTime":"36597ms"}
다음 실행까지 5분 대기...
[2025-11-24 03:07:31] 봇 실행 중...
✅ 성공: {"ok":true,"message":"게시글과 댓글이 생성되었습니다.","post":{"id":48,"title":"🚢 오키나와/타이베이 크루즈 갔다 왔는데 기항지 꿀팁 공유할게요! ㅠㅠㅠ (크린이 필독)","category":"destination"},"commentCreated":true,"existingPostComments":2,"replies":1,"positiveResponses":0,"executionTime":"42845ms"}
다음 실행까지 5분 대기...
[2025-11-24 03:13:28] 봇 실행 중...
✅ 성공: {"ok":true,"message":"게시글과 댓글이 생성되었습니다.","post":{"id":49,"title":"첫 크루즈였는데 천국이었어요! ㅠㅠ 근데 이거 정말 궁금해요!","category":"qna"},"commentCreated":true,"existingPostComments":3,"replies":2,"positiveResponses":0,"executionTime":"44342ms"}
다음 실행까지 5분 대기...
[2025-11-24 03:19:29] 봇 실행 중...
✅ 성공: {"ok":true,"message":"게시글과 댓글이 생성되었습니다.","post":{"id":50,"title":"크루즈 드레스 코드랑 팁 문화! 선배님들 조언 부탁드려요^^","category":"travel-tip"},"commentCreated":true,"existingPostComments":3,"replies":0,"positiveResponses":0,"executionTime":"30122ms"}
다음 실행까지 5분 대기...
[2025-11-24 03:25:11] 봇 실행 중...
✅ 성공: {"ok":true,"message":"게시글과 댓글이 생성되었습니다.","post":{"id":51,"title":"빙하 앞에서 눈물 흘린 썰 ㅠㅠ 알래스카 크루즈 기항지 후기 및 질문! (29자)","category":"destination"},"commentCreated":true,"existingPostComments":3,"replies":3,"positiveResponses":0,"executionTime":"49206ms"}
다음 실행까지 5분 대기...
[2025-11-24 03:31:13] 봇 실행 중...
✅ 성공: {"ok":true,"message":"게시글과 댓글이 생성되었습니다.","post":{"id":52,"title":"꿈 같던 크루즈 여행 후기! 팁&질문 있어요 ㅠㅠ (25자)","category":"qna"},"commentCreated":true,"existingPostComments":3,"replies":3,"positiveResponses":0,"executionTime":"47913ms"}
다음 실행까지 5분 대기...
[2025-11-24 03:37:12] 봇 실행 중...
✅ 성공: {"ok":true,"message":"게시글과 댓글이 생성되었습니다.","post":{"id":53,"title":"🛳️인생 첫 크루즈! 발코니 잡은 나 칭찬해ㅋㅋ 근데 포멀 나이트 정장 필수인가요? (팁/와이파이도 궁금해요!)","category":"qna"},"commentCreated":true,"existingPostComments":3,"replies":2,"positiveResponses":0,"executionTime":"55066ms"}
다음 실행까지 5분 대기...
[2025-11-24 03:43:23] 봇 실행 중...
✅ 성공: {"ok":true,"message":"게시글과 댓글이 생성되었습니다.","post":{"id":54,"title":"크루즈 처음 가시는 분들! 궁금했던 거 제가 다 알려드릴게요! ㅠㅠ 감동 실화**","category":"travel-tip"},"commentCreated":true,"existingPostComments":3,"replies":1,"positiveResponses":0,"executionTime":"46142ms"}
다음 실행까지 5분 대기...
[2025-11-24 03:49:23] 봇 실행 중...
❌ 실패: 
다음 실행까지 5분 대기...
[2025-11-24 03:54:34] 봇 실행 중...
❌ 실패: 
다음 실행까지 5분 대기...
[2025-11-24 03:59:45] 봇 실행 중...
❌ 실패: 
다음 실행까지 5분 대기...
[2025-11-24 04:04:57] 봇 실행 중...
❌ 실패: 
다음 실행까지 5분 대기...
[2025-11-24 04:10:09] 봇 실행 중...
❌ 실패: 
다음 실행까지 5분 대기...
[2025-11-24 04:15:20] 봇 실행 중...
❌ 실패: 
다음 실행까지 5분 대기...
[2025-11-24 04:20:32] 봇 실행 중...
❌ 실패: 
다음 실행까지 5분 대기...
[2025-11-24 04:25:45] 봇 실행 중...
❌ 실패: 
다음 실행까지 5분 대기...
[2025-11-24 04:30:58] 봇 실행 중...
❌ 실패: 
다음 실행까지 5분 대기...
[2025-11-24 04:36:10] 봇 실행 중...
❌ 실패: 
다음 실행까지 5분 대기...
[2025-11-24 04:41:22] 봇 실행 중...
❌ 실패: 
다음 실행까지 5분 대기...
[2025-11-24 04:46:37] 봇 실행 중...
❌ 실패: 
다음 실행까지 5분 대기...
[2025-11-24 04:51:50] 봇 실행 중...
❌ 실패: 
다음 실행까지 5분 대기...
[2025-11-24 04:57:04] 봇 실행 중...
❌ 실패: 
다음 실행까지 5분 대기...
[2025-11-24 05:02:17] 봇 실행 중...
❌ 실패: 
다음 실행까지 5분 대기...
[2025-11-24 05:07:32] 봇 실행 중...
❌ 실패: 
다음 실행까지 5분 대기...
[2025-11-24 05:12:46] 봇 실행 중...
❌ 실패: 
다음 실행까지 5분 대기...
[2025-11-24 05:18:00] 봇 실행 중...
❌ 실패: 
다음 실행까지 5분 대기...
[2025-11-24 05:23:15] 봇 실행 중...
❌ 실패: 
다음 실행까지 5분 대기...
[2025-11-24 05:28:29] 봇 실행 중...
❌ 실패: 
다음 실행까지 5분 대기...
[2025-11-24 05:33:42] 봇 실행 중...
❌ 실패: 
다음 실행까지 5분 대기...
[2025-11-24 05:38:57] 봇 실행 중...
❌ 실패: 
다음 실행까지 5분 대기...
[2025-11-24 05:44:13] 봇 실행 중...
❌ 실패: 
다음 실행까지 5분 대기...
[2025-11-24 05:49:27] 봇 실행 중...
❌ 실패: 
다음 실행까지 5분 대기...
[2025-11-24 05:54:41] 봇 실행 중...
❌ 실패: 
다음 실행까지 5분 대기...
[2025-11-24 05:59:57] 봇 실행 중...
❌ 실패: 
다음 실행까지 5분 대기...
[2025-11-24 06:05:15] 봇 실행 중...
❌ 실패: 
다음 실행까지 5분 대기...
[2025-11-24 06:10:30] 봇 실행 중...
❌ 실패: 
다음 실행까지 5분 대기...
[2025-11-24 06:15:47] 봇 실행 중...
❌ 실패: 
다음 실행까지 5분 대기...
[2025-11-24 06:21:04] 봇 실행 중...
❌ 실패: 
다음 실행까지 5분 대기...
[2025-11-24 06:26:23] 봇 실행 중...
❌ 실패: 
다음 실행까지 5분 대기...
[2025-11-24 06:31:42] 봇 실행 중...
❌ 실패: 
다음 실행까지 5분 대기...
[2025-11-24 06:37:00] 봇 실행 중...
❌ 실패: 
다음 실행까지 5분 대기...
[2025-11-24 06:42:18] 봇 실행 중...
❌ 실패: 
다음 실행까지 5분 대기...
[2025-11-24 06:47:34] 봇 실행 중...
❌ 실패: 
다음 실행까지 5분 대기...
[2025-11-24 06:52:53] 봇 실행 중...
❌ 실패: 
다음 실행까지 5분 대기...
[2025-11-24 06:58:10] 봇 실행 중...
❌ 실패: 
다음 실행까지 5분 대기...
[2025-11-24 07:03:27] 봇 실행 중...
❌ 실패: 
다음 실행까지 5분 대기...
[2025-11-24 07:08:47] 봇 실행 중...
❌ 실패: 
다음 실행까지 5분 대기...
[2025-11-24 07:14:06] 봇 실행 중...
❌ 실패: 
다음 실행까지 5분 대기...
[2025-11-24 07:19:25] 봇 실행 중...
❌ 실패: 
다음 실행까지 5분 대기...
[2025-11-24 07:24:44] 봇 실행 중...
❌ 실패: 
다음 실행까지 5분 대기...
[2025-11-24 07:30:04] 봇 실행 중...
❌ 실패: 
다음 실행까지 5분 대기...
[2025-11-24 07:35:24] 봇 실행 중...
❌ 실패: 
다음 실행까지 5분 대기...
[2025-11-24 07:40:46] 봇 실행 중...
❌ 실패: 
다음 실행까지 5분 대기...
[2025-11-24 07:46:07] 봇 실행 중...
❌ 실패: 
다음 실행까지 5분 대기...
[2025-11-24 07:51:28] 봇 실행 중...
❌ 실패: 
다음 실행까지 5분 대기...
[2025-11-24 07:56:52] 봇 실행 중...
❌ 실패: 
다음 실행까지 5분 대기...
[2025-11-24 08:02:14] 봇 실행 중...
❌ 실패: 
다음 실행까지 5분 대기...
[2025-11-24 08:07:35] 봇 실행 중...
❌ 실패: 
다음 실행까지 5분 대기...
[2025-11-24 08:12:55] 봇 실행 중...
❌ 실패: 
다음 실행까지 5분 대기...
[2025-11-24 08:18:21] 봇 실행 중...
❌ 실패: 
다음 실행까지 5분 대기...
[2025-11-24 08:23:43] 봇 실행 중...
❌ 실패: 
다음 실행까지 5분 대기...
[2025-11-24 08:29:05] 봇 실행 중...
❌ 실패: 
다음 실행까지 5분 대기...
[2025-11-24 08:34:27] 봇 실행 중...
❌ 실패: 
다음 실행까지 5분 대기...
[2025-11-24 08:39:52] 봇 실행 중...
❌ 실패: 
다음 실행까지 5분 대기...
[2025-11-24 08:45:17] 봇 실행 중...
❌ 실패: 
다음 실행까지 5분 대기...
[2025-11-24 08:50:42] 봇 실행 중...
❌ 실패: 
다음 실행까지 5분 대기...
[2025-11-24 08:56:09] 봇 실행 중...
❌ 실패: 
다음 실행까지 5분 대기...
[2025-11-24 09:01:33] 봇 실행 중...
❌ 실패: 
다음 실행까지 5분 대기...
[2025-11-24 09:06:58] 봇 실행 중...
❌ 실패: 
다음 실행까지 5분 대기...
[2025-11-24 09:12:19] 봇 실행 중...
❌ 실패: 
다음 실행까지 5분 대기...
[2025-11-24 09:17:43] 봇 실행 중...
❌ 실패: 
다음 실행까지 5분 대기...
[2025-11-24 09:23:04] 봇 실행 중...
❌ 실패: 
다음 실행까지 5분 대기...
[2025-11-24 09:28:27] 봇 실행 중...
❌ 실패: 
다음 실행까지 5분 대기...
[2025-11-24 09:33:51] 봇 실행 중...
❌ 실패: 
다음 실행까지 5분 대기...
[2025-11-24 09:39:18] 봇 실행 중...
❌ 실패: 
다음 실행까지 5분 대기...
[2025-11-24 09:44:43] 봇 실행 중...
❌ 실패: 
다음 실행까지 5분 대기...
[2025-11-24 09:50:09] 봇 실행 중...
❌ 실패: 
다음 실행까지 5분 대기...
[2025-11-24 09:55:36] 봇 실행 중...
❌ 실패: 
다음 실행까지 5분 대기...
[2025-11-24 10:01:06] 봇 실행 중...
❌ 실패: 
다음 실행까지 5분 대기...
[2025-11-24 10:06:29] 봇 실행 중...
❌ 실패: 
다음 실행까지 5분 대기...
[2025-11-24 10:11:54] 봇 실행 중...
❌ 실패: 
다음 실행까지 5분 대기...
[2025-11-24 10:17:19] 봇 실행 중...
❌ 실패: 
다음 실행까지 5분 대기...
[2025-11-24 10:22:49] 봇 실행 중...
❌ 실패: 
다음 실행까지 5분 대기...
[2025-11-24 10:28:16] 봇 실행 중...
❌ 실패: 
다음 실행까지 5분 대기...
[2025-11-24 10:33:46] 봇 실행 중...
❌ 실패: 
다음 실행까지 5분 대기...
[2025-11-24 10:39:17] 봇 실행 중...
❌ 실패: 
다음 실행까지 5분 대기...
